\BOOKMARK [0][-]{chapter.1}{\376\377\000I\000n\000t\000r\000o\000d\000u\000z\000i\000o\000n\000e}{}% 1
\BOOKMARK [1][-]{section.1.1}{\376\377\000C\000o\000n\000t\000e\000s\000t\000o\000\040\000e\000\040\000m\000o\000t\000i\000v\000a\000z\000i\000o\000n\000e}{chapter.1}% 2
\BOOKMARK [0][-]{chapter.2}{\376\377\000A\000m\000b\000i\000e\000n\000t\000e\000\040\000e\000\040\000s\000t\000r\000u\000m\000e\000n\000t\000i}{}% 3
\BOOKMARK [1][-]{section.2.1}{\376\377\000I\000l\000\040\000d\000e\000b\000u\000g\000g\000e\000r\000\040\000-\000\040\000G\000D\000B\000\040\000e\000\040\000Q\000E\000M\000U}{chapter.2}% 4
\BOOKMARK [2][-]{subsection.2.1.1}{\376\377\000Q\000u\000i\000c\000k\000\040\000e\000m\000u\000l\000a\000t\000o\000r\000\040\000-\000\040\000Q\000E\000M\000U}{section.2.1}% 5
\BOOKMARK [2][-]{subsection.2.1.2}{\376\377\000G\000N\000U\000\040\000D\000e\000b\000u\000g\000g\000e\000r\000\040\000-\000\040\000G\000D\000B}{section.2.1}% 6
\BOOKMARK [1][-]{section.2.2}{\376\377\000L\000'\000a\000r\000c\000h\000i\000t\000e\000t\000t\000u\000r\000a\000\040\000d\000e\000l\000\040\000d\000e\000b\000u\000g\000g\000e\000r\000\040\000d\000i\000\040\000V\000S\000\040\000C\000o\000d\000e}{chapter.2}% 7
\BOOKMARK [2][-]{subsection.2.2.1}{\376\377\000D\000e\000b\000u\000g\000\040\000A\000d\000a\000p\000t\000e\000r\000\040\000P\000r\000o\000t\000o\000c\000o\000l\000\040\000e\000\040\000D\000e\000b\000u\000g\000\040\000A\000d\000a\000p\000t\000e\000r}{section.2.2}% 8
\BOOKMARK [2][-]{subsection.2.2.2}{\376\377\000L\000o\000g\000p\000o\000i\000n\000t\000s}{section.2.2}% 9
\BOOKMARK [1][-]{section.2.3}{\376\377\000W\000e\000b\000v\000i\000e\000w\000\040\000d\000i\000\040\000V\000S\000\040\000C\000o\000d\000e}{chapter.2}% 10
\BOOKMARK [1][-]{section.2.4}{\376\377\000R\000e\000q\000u\000i\000s\000i\000t\000i\000\040\000d\000e\000l\000l\000'\000e\000s\000t\000e\000n\000s\000i\000o\000n\000e}{chapter.2}% 11
\BOOKMARK [0][-]{chapter.3}{\376\377\000I\000m\000p\000l\000e\000m\000e\000n\000t\000a\000z\000i\000o\000n\000e}{}% 12
\BOOKMARK [1][-]{section.3.1}{\376\377\000B\000u\000i\000l\000d\000\040\000e\000\040\000c\000o\000n\000n\000e\000s\000s\000i\000o\000n\000e\000\040\000a\000l\000\040\000n\000u\000c\000l\000e\000o}{chapter.3}% 13
\BOOKMARK [1][-]{section.3.2}{\376\377\000n\000u\000c\000l\000e\000o\000\137\000v\000s\000c\000o\000d\000e\000.\000p\000y}{chapter.3}% 14
\BOOKMARK [1][-]{section.3.3}{\376\377\000E\000s\000t\000e\000n\000s\000i\000o\000n\000e\000\040\000N\000u\000c\000l\000e\000o\000\040\000D\000e\000b\000u\000g}{chapter.3}% 15
\BOOKMARK [2][-]{subsection.3.3.1}{\376\377\000C\000r\000e\000a\000z\000i\000o\000n\000e\000\040\000d\000e\000l\000l\000'\000e\000s\000t\000e\000n\000s\000i\000o\000n\000e}{section.3.3}% 16
\BOOKMARK [2][-]{subsection.3.3.2}{\376\377\000C\000a\000r\000i\000c\000a\000m\000e\000n\000t\000o\000\040\000d\000e\000l\000l\000'\000e\000s\000t\000e\000n\000s\000i\000o\000n\000e}{section.3.3}% 17
\BOOKMARK [2][-]{subsection.3.3.3}{\376\377\000R\000i\000c\000h\000i\000e\000s\000t\000a\000\040\000d\000e\000l\000\040\000c\000o\000m\000a\000n\000d\000o\000\040\000G\000D\000B}{section.3.3}% 18
\BOOKMARK [2][-]{subsection.3.3.4}{\376\377\000W\000e\000b\000v\000i\000e\000w}{section.3.3}% 19
\BOOKMARK [0][-]{chapter.4}{\376\377\000U\000t\000i\000l\000i\000z\000z\000o\000\040\000d\000e\000l\000\040\000d\000e\000b\000u\000g\000g\000e\000r}{}% 20
\BOOKMARK [1][-]{section.4.1}{\376\377\000B\000r\000e\000a\000k\000p\000o\000i\000n\000t\000\040\000e\000\040\000L\000o\000g\000p\000o\000i\000n\000t}{chapter.4}% 21
\BOOKMARK [1][-]{section.4.2}{\376\377\000A\000z\000i\000o\000n\000i\000\040\000d\000i\000\040\000d\000e\000b\000u\000g}{chapter.4}% 22
\BOOKMARK [1][-]{section.4.3}{\376\377\000P\000a\000n\000n\000e\000l\000l\000o\000\040\000d\000i\000\040\000s\000i\000n\000i\000s\000t\000r\000a}{chapter.4}% 23
\BOOKMARK [1][-]{section.4.4}{\376\377\000I\000n\000f\000o\000r\000m\000a\000z\000i\000o\000n\000i\000\040\000a\000g\000g\000i\000u\000n\000t\000i\000v\000e}{chapter.4}% 24
\BOOKMARK [0][-]{chapter.5}{\376\377\000C\000o\000n\000c\000l\000u\000s\000i\000o\000n\000e\000\040\000e\000\040\000s\000v\000i\000l\000u\000p\000p\000i\000\040\000f\000u\000t\000u\000r\000i}{}% 25
\BOOKMARK [0][-]{chapter.6}{\376\377\000S\000v\000i\000l\000u\000p\000p\000o\000\040\000e\000\040\000c\000o\000n\000t\000r\000i\000b\000u\000t\000i}{}% 26
\BOOKMARK [1][-]{section.6.1}{\376\377\000A\000g\000g\000i\000u\000n\000t\000a\000\040\000d\000i\000\040\000c\000o\000m\000a\000n\000d\000i}{chapter.6}% 27
\BOOKMARK [2][-]{subsection.6.1.1}{\376\377\000n\000u\000c\000l\000e\000o\000\137\000v\000s\000c\000o\000d\000e\000.\000p\000y}{section.6.1}% 28
\BOOKMARK [0][-]{chapter.7}{\376\377\000R\000i\000n\000g\000r\000a\000z\000i\000a\000m\000e\000n\000t\000i}{}% 29
